-------------------------------------------------------------------------------
Test set: Testar Cadastro usuario
-------------------------------------------------------------------------------
Tests run: 1, Failures: 1, Errors: 0, Skipped: 0, Time elapsed: 12.361 s <<< FAILURE! - in Testar Cadastro usuario
Cadastrar usuário(Testar Cadastro usuario)  Time elapsed: 12.361 s  <<< FAILURE!
java.lang.AssertionError: Usuário já cadastrado.

