<?xml version="1.0" encoding="UTF-8"?>
<testsuite xmlns:xsi="http://www.w3.org/2001/XMLSchema-instance" xsi:noNamespaceSchemaLocation="https://maven.apache.org/surefire/maven-failsafe-plugin/xsd/failsafe-test-report.xsd" name="Testar Excluir Funcionario Duplicado" time="15.673" tests="1" errors="0" skipped="0" failures="1">
  <properties>
[...]
</properties>
  <testcase name="Exluir funcionario" classname="Testar Excluir Funcionario Duplicado" time="15.673">
    <failure message="A função de excluir não está funcionando corretamente. Deveria ter excluido o CPF: 326.645.571-14" type="java.lang.AssertionError">java.lang.AssertionError: A função de excluir não está funcionando corretamente. Deveria ter excluido o CPF: 326.645.571-14
</failure>
    <system-out><![CDATA[12:14:08.722 [pool-1-thread-5] INFO  n.t.c.steps.ConsoleLoggingListener - 
        __    _____ _____ ____ _____   ____   _    ____  ____  _____ ____  
  _     \ \  |_   _| ____/ ___|_   _| |  _ \ / \  / ___|/ ___|| ____|  _ \ 
 (_)_____| |   | | |  _| \___ \ | |   | |_) / _ \ \___ \\___ \|  _| | | | |
  _|_____| |   | | | |___ ___) || |   |  __/ ___ \ ___) |___) | |___| |_| |
 (_)     | |   |_| |_____|____/ |_|   |_| /_/   \_\____/|____/|_____|____/ 
        /_/                                                                

TEST PASSED: Exluir funcionario
----------------------------------------------------------------------------
@TesteExcluirFuncionario
Funcionalidade: Testar Excluir Funcionario

  @TesteExcluirFuncionario
  Cenário: Exluir funcionario                               &amp#27;[90m# src/test/resources/features/testar_excluir_funcionario.feature:7&amp#27;[0m
    &amp#27;[32mDado &amp#27;[0m&amp#27;[32mque estou na Pagina de login da Inmetrics&amp#27;[0m          &amp#27;[90m# LoginStepDefinitions.que_estou_na_Pagina_de_login_da_Inmetrics()&amp#27;[0m
    &amp#27;[32mQuando &amp#27;[0m&amp#27;[32mpreencho o usuario cadastrado&amp#27;[0m                    &amp#27;[90m# LoginStepDefinitions.preencho_o_usuario_cadastrado()&amp#27;[0m
    &amp#27;[32mQuando &amp#27;[0m&amp#27;[32mpreencho a senha cadastrada&amp#27;[0m                      &amp#27;[90m# LoginStepDefinitions.preencho_a_senha_cadastrada()&amp#27;[0m
    &amp#27;[32mQuando &amp#27;[0m&amp#27;[32mclico no botão Entre&amp#27;[0m                             &amp#27;[90m# LoginStepDefinitions.clico_no_botão_Entre()&amp#27;[0m
    &amp#27;[32mQuando &amp#27;[0m&amp#27;[32mclico no botão Excluir do funcionario cadastrado&amp#27;[0m &amp#27;[90m# ExclusaoFuncionarioStepDefinitions.clico_no_botão_Excluir_do_funcionario_cadastrado()&amp#27;[0m
    &amp#27;[32mEntao &amp#27;[0m&amp#27;[32mfuncionario é excluido com sucesso&amp#27;[0m                &amp#27;[90m# ExclusaoFuncionarioStepDefinitions.funcionario_é_excluido_com_sucesso()&amp#27;[0m
12:14:08.742 [main] DEBUG n.t.core.reports.ReportService - Reporting formats: [JSON, HTML]
12:14:08.743 [main] DEBUG n.t.core.reports.ReportService - Reporting formats: [JSON, HTML]
12:14:08.746 [main] DEBUG n.t.core.reports.ReportService - Generating reports for 1 test outcomes using: net.thucydides.core.reports.json.JSONTestOutcomeReporter@47a64f7d
12:14:08.747 [pool-13-thread-1] DEBUG n.t.core.reports.ReportService - Processing test outcome Testar Excluir Funcionario:Exluir funcionario
12:14:08.747 [pool-13-thread-1] DEBUG n.t.core.reports.ReportService - net.thucydides.core.reports.json.JSONTestOutcomeReporter@47a64f7d: Generating report for test outcome: Testar Excluir Funcionario:Exluir funcionario
12:14:08.747 [pool-13-thread-1] DEBUG n.t.c.r.json.JSONTestOutcomeReporter - Generating JSON report for Exluir funcionario to file C:\Users\Public\Projetos\teste-selenium\target\site\serenity\6dce53a5ffe61228c3b563e60815d2a432de8b4b42777df9290fbaf54b7360ac.json (using temp file C:\Users\Public\Projetos\teste-selenium\target\site\serenity\6dce53a5ffe61228c3b563e60815d2a432de8b4b42777df9290fbaf54b7360ac.json70cc326b-ed18-4720-a488-fe1b84dbdc7a)
12:14:08.749 [pool-13-thread-1] DEBUG n.t.core.reports.ReportService - Processing test outcome Testar Excluir Funcionario:Exluir funcionario done
12:14:08.749 [main] DEBUG n.t.core.reports.ReportService - Shutting down executor service
12:14:08.749 [main] DEBUG n.t.core.reports.ReportService - Reports generated in: 3 ms
12:14:08.749 [main] DEBUG n.t.core.reports.ReportService - Generating reports for 1 test outcomes using: net.thucydides.core.reports.html.HtmlAcceptanceTestReporter@33d05366
12:14:08.749 [pool-14-thread-1] DEBUG n.t.core.reports.ReportService - Processing test outcome Testar Excluir Funcionario:Exluir funcionario
12:14:08.749 [pool-14-thread-1] DEBUG n.t.core.reports.ReportService - net.thucydides.core.reports.html.HtmlAcceptanceTestReporter@33d05366: Generating report for test outcome: Testar Excluir Funcionario:Exluir funcionario
12:14:08.749 [pool-14-thread-1] DEBUG n.t.c.r.h.HtmlAcceptanceTestReporter - GENERATE TEST OUTCOME REPORT FOR Exluir funcionario in 6dce53a5ffe61228c3b563e60815d2a432de8b4b42777df9290fbaf54b7360ac
12:14:08.749 [pool-14-thread-1] DEBUG n.t.c.r.BaseRequirementsService - Requirement found for test outcome Exluir funcionario-[]: Optional[Requirement{name='Testar Excluir Funcionario', type='feature' parent = 'null', cardNumber='null'}]
12:14:08.749 [pool-14-thread-1] DEBUG n.t.c.r.BaseRequirementsService - Requirement found for test outcome Exluir funcionario-[]: Optional[Requirement{name='Testar Excluir Funcionario', type='feature' parent = 'null', cardNumber='null'}]
12:14:08.756 [pool-14-thread-1] DEBUG n.t.c.r.BaseRequirementsService - Requirement found for test outcome Exluir funcionario-[]: Optional[Requirement{name='Testar Excluir Funcionario', type='feature' parent = 'null', cardNumber='null'}]
12:14:08.757 [pool-14-thread-1] DEBUG n.t.c.r.BaseRequirementsService - Requirement found for test outcome Exluir funcionario-[]: Optional[Requirement{name='Testar Excluir Funcionario', type='feature' parent = 'null', cardNumber='null'}]
12:14:08.758 [pool-14-thread-1] DEBUG n.t.c.r.h.HtmlAcceptanceTestReporter - Generating report in 6dce53a5ffe61228c3b563e60815d2a432de8b4b42777df9290fbaf54b7360ac_screenshots.html
12:14:08.766 [pool-14-thread-1] DEBUG n.t.c.r.h.HtmlAcceptanceTestReporter - Generated report 6dce53a5ffe61228c3b563e60815d2a432de8b4b42777df9290fbaf54b7360ac_screenshots.html in 8 ms
12:14:08.766 [pool-14-thread-1] DEBUG n.t.c.r.h.HtmlAcceptanceTestReporter - GENERATING HTML REPORT FOR Testar Excluir Funcionario:Exluir funcionario in 6dce53a5ffe61228c3b563e60815d2a432de8b4b42777df9290fbaf54b7360ac.html in directory target\site\serenity  
12:14:08.766 [pool-14-thread-1] DEBUG n.t.c.r.h.HtmlAcceptanceTestReporter - Generating report in 6dce53a5ffe61228c3b563e60815d2a432de8b4b42777df9290fbaf54b7360ac.html
12:14:08.799 [pool-14-thread-1] DEBUG n.t.c.r.h.HtmlAcceptanceTestReporter - Generated report 6dce53a5ffe61228c3b563e60815d2a432de8b4b42777df9290fbaf54b7360ac.html in 33 ms
12:14:08.799 [pool-14-thread-1] DEBUG n.t.core.reports.ReportService - Processing test outcome Testar Excluir Funcionario:Exluir funcionario done
12:14:08.799 [main] DEBUG n.t.core.reports.ReportService - Shutting down executor service
12:14:08.799 [main] DEBUG n.t.core.reports.ReportService - Reports generated in: 50 ms
12:13:17.660 [pool-1-thread-4] INFO  n.t.c.steps.ConsoleLoggingListener - 
 _____ _____ ____ _____   ____ _____  _    ____ _____ _____ ____  
|_   _| ____/ ___|_   _| / ___|_   _|/ \  |  _ \_   _| ____|  _ \ 
  | | |  _| \___ \ | |   \___ \ | | / _ \ | |_) || | |  _| | | | |
  | | | |___ ___) || |    ___) || |/ ___ \|  _ < | | | |___| |_| |
  |_| |_____|____/ |_|   |____/ |_/_/   \_\_| \_\|_| |_____|____/ 
                                                                  

TEST STARTED: Exluir funcionario
-------------------------------------------------------------------(testar-excluir-funcionario-duplicado;exluir-funcionario)
12:13:17.863 [pool-1-thread-4] INFO  n.s.c.w.d.ProvideNewDriver - Instantiating driver
12:13:17.863 [pool-1-thread-4] INFO  n.s.c.w.d.ProvideNewDriver - Driver capabilities: Capabilities {acceptInsecureCerts: false, browserName: chrome, chrome.switches: --start-maximized;--test-ty..., goog:chromeOptions: {args: [--start-maximized, --test-type, --no-sandbox, --ignore-certificate-errors..., --disable-popup-blocking, --disable-default-apps, --disable-extensions-file-a..., --incognito, --disable-infobars, --disable-gpu], extensions: []}, loggingPrefs: org.openqa.selenium.logging..., platform: ANY, version: }
12:13:22.977 [pool-1-thread-4] DEBUG n.s.core.photography.Darkroom - Opening darkroom
12:13:22.977 [Darkroom Processing Line] DEBUG n.s.c.p.DarkroomProcessingLine - Darkroom processing line starting up
12:13:23.460 [pool-1-thread-4] DEBUG n.s.core.photography.Darkroom - Send negative for processing for target\site\serenity\d694754c77a35fd2ee5755e09ca464632ad243b5242429be10ff6aeb840f2ab8.png
12:13:24.009 [pool-1-thread-4] DEBUG n.s.core.photography.Darkroom - Send negative for processing for target\site\serenity\acfac6a074aa8ea1204d94c0446f927f3aaa683ac7ed36692793eb8d1adad606.png
12:13:24.523 [pool-1-thread-4] DEBUG n.s.core.photography.Darkroom - Send negative for processing for target\site\serenity\5fc3ea6e7a2f89cfa87bc29a35397caf3fb0d883de4729f30127f6feaf623033.png
12:13:24.523 [Darkroom Processing Line] DEBUG n.s.c.p.DarkroomProcessingLine - Processing screenshot image in /var/screenshots/screenshot-5964001962031539694
12:13:24.523 [Darkroom Processing Line] DEBUG n.s.c.p.DarkroomProcessingLine - Saving screenshot to target\site\serenity\5fc3ea6e7a2f89cfa87bc29a35397caf3fb0d883de4729f30127f6feaf623033.png
12:13:28.168 [pool-1-thread-4] DEBUG n.s.core.photography.Darkroom - Send negative for processing for target\site\serenity\a79365846345cefd712e80efa012ba1e61070f0c88ae1770e2ea33bc5453d572.png
12:13:28.169 [Darkroom Processing Line] DEBUG n.s.c.p.DarkroomProcessingLine - Processing screenshot image in /var/screenshots/screenshot-6299144075676118201
12:13:28.169 [Darkroom Processing Line] DEBUG n.s.c.p.DarkroomProcessingLine - Saving screenshot to target\site\serenity\a79365846345cefd712e80efa012ba1e61070f0c88ae1770e2ea33bc5453d572.png
12:13:30.952 [pool-1-thread-4] DEBUG n.s.core.photography.Darkroom - Send negative for processing for target\site\serenity\ee0c17724ecb98e5da53743704ebe8fb99dea75463f2baaf7514583954d18573.png
12:13:30.952 [Darkroom Processing Line] DEBUG n.s.c.p.DarkroomProcessingLine - Processing screenshot image in /var/screenshots/screenshot-8094663063040190749
12:13:30.952 [Darkroom Processing Line] DEBUG n.s.c.p.DarkroomProcessingLine - Saving screenshot to target\site\serenity\ee0c17724ecb98e5da53743704ebe8fb99dea75463f2baaf7514583954d18573.png
12:13:33.313 [pool-1-thread-4] DEBUG n.s.core.photography.Darkroom - Send negative for processing for target\site\serenity\3d64fe87b273d65d5c1176b29693a51bba29af7fc5f0d6e1fcaca40a27fbeaf3.png
12:13:33.314 [Darkroom Processing Line] DEBUG n.s.c.p.DarkroomProcessingLine - Processing screenshot image in /var/screenshots/screenshot-5809150601900007956
12:13:33.314 [Darkroom Processing Line] DEBUG n.s.c.p.DarkroomProcessingLine - Saving screenshot to target\site\serenity\3d64fe87b273d65d5c1176b29693a51bba29af7fc5f0d6e1fcaca40a27fbeaf3.png
]]></system-out>
    <system-err><![CDATA[mai 17, 2021 12:13:17 PM org.openqa.selenium.remote.DesiredCapabilities chrome
INFORMAÇÕES: Using `new ChromeOptions()` is preferred to `DesiredCapabilities.chrome()`
Starting ChromeDriver 90.0.4430.24 (4c6d850f087da467d926e8eddb76550aed655991-refs/branch-heads/4430@{#429}) on port 30933
Only local connections are allowed.
Please see https://chromedriver.chromium.org/security-considerations for suggestions on keeping ChromeDriver safe.
ChromeDriver was started successfully.
mai 17, 2021 12:13:19 PM org.openqa.selenium.remote.ProtocolHandshake createSession
INFORMAÇÕES: Detected dialect: W3C
]]></system-err>
  </testcase>
</testsuite>