<?xml version="1.0" encoding="UTF-8"?>
<testsuite xmlns:xsi="http://www.w3.org/2001/XMLSchema-instance" xsi:noNamespaceSchemaLocation="https://maven.apache.org/surefire/maven-failsafe-plugin/xsd/failsafe-test-report.xsd" name="Testar Cadastro usuario" time="12.361" tests="1" errors="0" skipped="0" failures="1">
  <properties>
[...]
</properties>
  <testcase name="Cadastrar usuário" classname="Testar Cadastro usuario" time="12.361">
    <failure message="Usuário já cadastrado." type="java.lang.AssertionError">java.lang.AssertionError: Usuário já cadastrado.
</failure>
    <system-out><![CDATA[00:10:16.463 [pool-1-thread-1] INFO  n.t.c.steps.ConsoleLoggingListener - 
        __    _____ _____ ____ _____   ____   _    ____  ____  _____ ____  
  _     \ \  |_   _| ____/ ___|_   _| |  _ \ / \  / ___|/ ___|| ____|  _ \ 
 (_)_____| |   | | |  _| \___ \ | |   | |_) / _ \ \___ \\___ \|  _| | | | |
  _|_____| |   | | | |___ ___) || |   |  __/ ___ \ ___) |___) | |___| |_| |
 (_)     | |   |_| |_____|____/ |_|   |_| /_/   \_\____/|____/|_____|____/ 
        /_/                                                                

TEST PASSED: Exluir funcionario
----------------------------------------------------------------------------
@TesteExcluirFuncionario
Funcionalidade: Testar Excluir Funcionario

  @TesteExcluirFuncionario
  Cenário: Exluir funcionario                               &amp#27;[90m# src/test/resources/features/testar_excluir_funcionario.feature:7&amp#27;[0m
    &amp#27;[32mDado &amp#27;[0m&amp#27;[32mque estou na Pagina de login da Inmetrics&amp#27;[0m          &amp#27;[90m# LoginStepDefinitions.que_estou_na_Pagina_de_login_da_Inmetrics()&amp#27;[0m
    &amp#27;[32mQuando &amp#27;[0m&amp#27;[32mpreencho o usuario cadastrado&amp#27;[0m                    &amp#27;[90m# LoginStepDefinitions.preencho_o_usuario_cadastrado()&amp#27;[0m
    &amp#27;[32mQuando &amp#27;[0m&amp#27;[32mpreencho a senha cadastrada&amp#27;[0m                      &amp#27;[90m# LoginStepDefinitions.preencho_a_senha_cadastrada()&amp#27;[0m
    &amp#27;[32mQuando &amp#27;[0m&amp#27;[32mclico no botão Entre&amp#27;[0m                             &amp#27;[90m# LoginStepDefinitions.clico_no_botão_Entre()&amp#27;[0m
    &amp#27;[32mQuando &amp#27;[0m&amp#27;[32mclico no botão Excluir do funcionario cadastrado&amp#27;[0m &amp#27;[90m# ExclusaoFuncionarioStepDefinitions.clico_no_botão_Excluir_do_funcionario_cadastrado()&amp#27;[0m
    &amp#27;[32mEntao &amp#27;[0m&amp#27;[32mfuncionario é excluido com sucesso&amp#27;[0m                &amp#27;[90m# ExclusaoFuncionarioStepDefinitions.funcionario_é_excluido_com_sucesso()&amp#27;[0m
00:10:16.478 [main] DEBUG n.t.core.reports.ReportService - Reporting formats: [JSON, HTML]
00:10:16.479 [main] DEBUG n.t.core.reports.ReportService - Reporting formats: [JSON, HTML]
00:10:16.479 [main] DEBUG n.t.core.reports.ReportService - Generating reports for 1 test outcomes using: net.thucydides.core.reports.json.JSONTestOutcomeReporter@726386ed
00:10:16.479 [pool-9-thread-1] DEBUG n.t.core.reports.ReportService - Processing test outcome Testar Excluir Funcionario:Exluir funcionario
00:10:16.480 [pool-9-thread-1] DEBUG n.t.core.reports.ReportService - net.thucydides.core.reports.json.JSONTestOutcomeReporter@726386ed: Generating report for test outcome: Testar Excluir Funcionario:Exluir funcionario
00:10:16.480 [pool-9-thread-1] DEBUG n.t.c.r.json.JSONTestOutcomeReporter - Generating JSON report for Exluir funcionario to file C:\Users\Public\Projetos\teste-selenium\target\site\serenity\6dce53a5ffe61228c3b563e60815d2a432de8b4b42777df9290fbaf54b7360ac.json (using temp file C:\Users\Public\Projetos\teste-selenium\target\site\serenity\6dce53a5ffe61228c3b563e60815d2a432de8b4b42777df9290fbaf54b7360ac.json040cd60f-7a96-472c-b7f7-f52095a5ffa7)
00:10:16.483 [pool-9-thread-1] DEBUG n.t.core.reports.ReportService - Processing test outcome Testar Excluir Funcionario:Exluir funcionario done
00:10:16.483 [main] DEBUG n.t.core.reports.ReportService - Shutting down executor service
00:10:16.483 [main] DEBUG n.t.core.reports.ReportService - Reports generated in: 4 ms
00:10:16.483 [main] DEBUG n.t.core.reports.ReportService - Generating reports for 1 test outcomes using: net.thucydides.core.reports.html.HtmlAcceptanceTestReporter@649f2009
00:10:16.483 [pool-10-thread-1] DEBUG n.t.core.reports.ReportService - Processing test outcome Testar Excluir Funcionario:Exluir funcionario
00:10:16.483 [pool-10-thread-1] DEBUG n.t.core.reports.ReportService - net.thucydides.core.reports.html.HtmlAcceptanceTestReporter@649f2009: Generating report for test outcome: Testar Excluir Funcionario:Exluir funcionario
00:10:16.484 [pool-10-thread-1] DEBUG n.t.c.r.h.HtmlAcceptanceTestReporter - GENERATE TEST OUTCOME REPORT FOR Exluir funcionario in 6dce53a5ffe61228c3b563e60815d2a432de8b4b42777df9290fbaf54b7360ac
00:10:16.485 [pool-10-thread-1] DEBUG n.t.c.r.BaseRequirementsService - Requirement found for test outcome Exluir funcionario-[]: Optional[Requirement{name='Testar Excluir Funcionario', type='feature' parent = 'null', cardNumber='null'}]
00:10:16.485 [pool-10-thread-1] DEBUG n.t.c.r.BaseRequirementsService - Requirement found for test outcome Exluir funcionario-[]: Optional[Requirement{name='Testar Excluir Funcionario', type='feature' parent = 'null', cardNumber='null'}]
00:10:16.491 [pool-10-thread-1] DEBUG n.t.c.r.BaseRequirementsService - Requirement found for test outcome Exluir funcionario-[]: Optional[Requirement{name='Testar Excluir Funcionario', type='feature' parent = 'null', cardNumber='null'}]
00:10:16.492 [pool-10-thread-1] DEBUG n.t.c.r.BaseRequirementsService - Requirement found for test outcome Exluir funcionario-[]: Optional[Requirement{name='Testar Excluir Funcionario', type='feature' parent = 'null', cardNumber='null'}]
00:10:16.493 [pool-10-thread-1] DEBUG n.t.c.r.h.HtmlAcceptanceTestReporter - Generating report in 6dce53a5ffe61228c3b563e60815d2a432de8b4b42777df9290fbaf54b7360ac_screenshots.html
00:10:16.502 [pool-10-thread-1] DEBUG n.t.c.r.h.HtmlAcceptanceTestReporter - Generated report 6dce53a5ffe61228c3b563e60815d2a432de8b4b42777df9290fbaf54b7360ac_screenshots.html in 10 ms
00:10:16.504 [pool-10-thread-1] DEBUG n.t.c.r.h.HtmlAcceptanceTestReporter - GENERATING HTML REPORT FOR Testar Excluir Funcionario:Exluir funcionario in 6dce53a5ffe61228c3b563e60815d2a432de8b4b42777df9290fbaf54b7360ac.html in directory target\site\serenity  
00:10:16.504 [pool-10-thread-1] DEBUG n.t.c.r.h.HtmlAcceptanceTestReporter - Generating report in 6dce53a5ffe61228c3b563e60815d2a432de8b4b42777df9290fbaf54b7360ac.html
00:10:16.548 [pool-10-thread-1] DEBUG n.t.c.r.h.HtmlAcceptanceTestReporter - Generated report 6dce53a5ffe61228c3b563e60815d2a432de8b4b42777df9290fbaf54b7360ac.html in 44 ms
00:10:16.548 [pool-10-thread-1] DEBUG n.t.core.reports.ReportService - Processing test outcome Testar Excluir Funcionario:Exluir funcionario done
00:10:16.548 [main] DEBUG n.t.core.reports.ReportService - Shutting down executor service
00:10:16.548 [main] DEBUG n.t.core.reports.ReportService - Reports generated in: 65 ms
00:08:46.746 [pool-1-thread-2] INFO  n.t.c.steps.ConsoleLoggingListener - 
 _____ _____ ____ _____   ____ _____  _    ____ _____ _____ ____  
|_   _| ____/ ___|_   _| / ___|_   _|/ \  |  _ \_   _| ____|  _ \ 
  | | |  _| \___ \ | |   \___ \ | | / _ \ | |_) || | |  _| | | | |
  | | | |___ ___) || |    ___) || |/ ___ \|  _ < | | | |___| |_| |
  |_| |_____|____/ |_|   |____/ |_/_/   \_\_| \_\|_| |_____|____/ 
                                                                  

TEST STARTED: Cadastrar usuário
-------------------------------------------------------------------(testar-cadastro-usuario;cadastrar-usuário)
00:08:47.373 [pool-1-thread-2] INFO  n.s.c.w.d.ProvideNewDriver - Instantiating driver
00:08:47.376 [pool-1-thread-2] INFO  n.s.c.w.d.ProvideNewDriver - Driver capabilities: Capabilities {acceptInsecureCerts: false, browserName: chrome, chrome.switches: --start-maximized;--test-ty..., goog:chromeOptions: {args: [--start-maximized, --test-type, --no-sandbox, --ignore-certificate-errors..., --disable-popup-blocking, --disable-default-apps, --disable-extensions-file-a..., --incognito, --disable-infobars, --disable-gpu], extensions: []}, loggingPrefs: org.openqa.selenium.logging..., platform: ANY, version: }
00:08:53.252 [pool-1-thread-2] DEBUG n.s.core.photography.Darkroom - Opening darkroom
00:08:53.253 [Darkroom Processing Line] DEBUG n.s.c.p.DarkroomProcessingLine - Darkroom processing line starting up
00:08:53.787 [pool-1-thread-2] DEBUG n.s.core.photography.Darkroom - Send negative for processing for target\site\serenity\d694754c77a35fd2ee5755e09ca464632ad243b5242429be10ff6aeb840f2ab8.png
00:08:53.788 [Darkroom Processing Line] DEBUG n.s.c.p.DarkroomProcessingLine - Processing screenshot image in /var/screenshots/screenshot-3930044925204220025
00:08:53.788 [Darkroom Processing Line] DEBUG n.s.c.p.DarkroomProcessingLine - Saving screenshot to target\site\serenity\d694754c77a35fd2ee5755e09ca464632ad243b5242429be10ff6aeb840f2ab8.png
00:08:55.345 [pool-1-thread-2] DEBUG n.s.core.photography.Darkroom - Send negative for processing for target\site\serenity\ee8ef3b22168ce299f9d71c4a8d590b4039609eaad4bdc10abacdb9606690732.png
00:08:55.345 [Darkroom Processing Line] DEBUG n.s.c.p.DarkroomProcessingLine - Processing screenshot image in /var/screenshots/screenshot-3892941358130802485
00:08:55.345 [Darkroom Processing Line] DEBUG n.s.c.p.DarkroomProcessingLine - Saving screenshot to target\site\serenity\ee8ef3b22168ce299f9d71c4a8d590b4039609eaad4bdc10abacdb9606690732.png
00:08:55.884 [pool-1-thread-2] DEBUG n.s.core.photography.Darkroom - Send negative for processing for target\site\serenity\00b64a4e5b21438efd8f74189959dff84cac53ea54201cfa0c1e26e0067128b0.png
00:08:55.885 [Darkroom Processing Line] DEBUG n.s.c.p.DarkroomProcessingLine - Processing screenshot image in /var/screenshots/screenshot-8472442823951538608
00:08:55.885 [Darkroom Processing Line] DEBUG n.s.c.p.DarkroomProcessingLine - Saving screenshot to target\site\serenity\00b64a4e5b21438efd8f74189959dff84cac53ea54201cfa0c1e26e0067128b0.png
00:08:56.440 [pool-1-thread-2] DEBUG n.s.core.photography.Darkroom - Send negative for processing for target\site\serenity\79a7ce39b1f0ed8971e3107be03c7d15c22b22b63461951946f84983caeffdfb.png
00:08:56.441 [Darkroom Processing Line] DEBUG n.s.c.p.DarkroomProcessingLine - Processing screenshot image in /var/screenshots/screenshot-2207064020083512313
00:08:56.441 [Darkroom Processing Line] DEBUG n.s.c.p.DarkroomProcessingLine - Saving screenshot to target\site\serenity\79a7ce39b1f0ed8971e3107be03c7d15c22b22b63461951946f84983caeffdfb.png
00:08:56.948 [pool-1-thread-2] DEBUG n.s.core.photography.Darkroom - Send negative for processing for target\site\serenity\d9d61e8cc15d5819b5b066386f7ca746e9d2fe4001474f106ea8ecf2f0512fca.png
00:08:56.948 [Darkroom Processing Line] DEBUG n.s.c.p.DarkroomProcessingLine - Processing screenshot image in /var/screenshots/screenshot-186198033431673223
00:08:56.948 [Darkroom Processing Line] DEBUG n.s.c.p.DarkroomProcessingLine - Saving screenshot to target\site\serenity\d9d61e8cc15d5819b5b066386f7ca746e9d2fe4001474f106ea8ecf2f0512fca.png
00:08:58.580 [pool-1-thread-2] DEBUG n.s.core.photography.Darkroom - Send negative for processing for target\site\serenity\1135a6e3454ee4aaebdd95e03696332087ec945e2e4af5f7e7f905555f678c92.png
00:08:58.580 [Darkroom Processing Line] DEBUG n.s.c.p.DarkroomProcessingLine - Processing screenshot image in /var/screenshots/screenshot-4247800004843184244
00:08:58.581 [Darkroom Processing Line] DEBUG n.s.c.p.DarkroomProcessingLine - Saving screenshot to target\site\serenity\1135a6e3454ee4aaebdd95e03696332087ec945e2e4af5f7e7f905555f678c92.png
00:08:59.046 [pool-1-thread-2] DEBUG n.s.core.photography.Darkroom - Send negative for processing for target\site\serenity\1135a6e3454ee4aaebdd95e03696332087ec945e2e4af5f7e7f905555f678c92.png
]]></system-out>
    <system-err><![CDATA[mai 17, 2021 12:08:46 AM org.openqa.selenium.remote.DesiredCapabilities chrome
INFORMAÇÕES: Using `new ChromeOptions()` is preferred to `DesiredCapabilities.chrome()`
Starting ChromeDriver 90.0.4430.24 (4c6d850f087da467d926e8eddb76550aed655991-refs/branch-heads/4430@{#429}) on port 14966
Only local connections are allowed.
Please see https://chromedriver.chromium.org/security-considerations for suggestions on keeping ChromeDriver safe.
ChromeDriver was started successfully.
mai 17, 2021 12:08:49 AM org.openqa.selenium.remote.ProtocolHandshake createSession
INFORMAÇÕES: Detected dialect: W3C
]]></system-err>
  </testcase>
</testsuite>