<?xml version="1.0" encoding="UTF-8"?><testsuite errors="0" failures="1" name="Testar Cadastrar Funcionario Duplicado" skipped="0" tests="1" time="21.34" timestamp="2021-05-17 12:12:55"><testcase name="Cadastrar Funcionario Duplicado"><failure message="O Sistema está permitindo cadastro de CPF duplicado." type="java.lang.AssertionError">O Sistema está permitindo cadastro de CPF duplicado.</failure><system-err>O Sistema está permitindo cadastro de CPF duplicado.&#13;
br.com.teste.selenium.stepdefinitions.CadastroFuncionarioStepDefinitions.funcionario_nao_pode_ser_duplicado(CadastroFuncionarioStepDefinitions.java:87)&#13;
✽.funcionario não pode ser duplicado(file:src/test/resources/features/testar_cadastro_funcionario_duplicado.feature:21)&#13;
</system-err></testcase></testsuite>