<?xml version="1.0" encoding="UTF-8"?><testsuite errors="0" failures="1" name="Search by keyword" skipped="0" tests="2" time="15.9" timestamp="2021-05-16 01:32:02"><testcase name="Searching for a term"/><testcase name="Refining a search using two terms"><failure message="&#13;&#10;Expecting all elements of:&#13;&#10;  &lt;[&quot;Zucchini - Wikipedia&quot;,&#13;&#10;    &quot;Receita de Zucchini (abobrinhas) à Italiana, enviada por ...&quot;,&#13;&#10;    &quot;ZUCCHINI - Tradução em português - bab.la&quot;,&#13;&#10;    &quot;Zucchinni Pizzas &amp; Esfihas | Pizzaria e esfiharia delivery ...&quot;,&#13;&#10;    &quot;zucchini | tradução de Inglês para Português&quot;,&#13;&#10;    &quot;zucchini - Dicionário Inglês-Português (Brasil ...&quot;,&#13;&#10;    &quot;zucchini - Tradução em português - Linguee&quot;,&#13;&#10;    &quot;Zucchini: Health Benefits, Nutrients, Preparation, and More&quot;,&#13;&#10;    &quot;5 Tips for Growing Great Zucchini - The Spruce&quot;,&#13;&#10;    &quot;Zucchini Restaurante&quot;]&gt;&#13;&#10;to match given predicate but this element did not:&#13;&#10;  &lt;&quot;Zucchinni Pizzas &amp; Esfihas | Pizzaria e esfiharia delivery ...&quot;&gt;" type="java.lang.AssertionError">&#13;
Expecting all elements of:&#13;
  &lt;["Zucchini - Wikipedia",&#13;
    "Receita de Zucchini (abobrinhas) à Italiana, enviada por ...",&#13;
    "ZUCCHINI - Tradução em português - bab.la",&#13;
    "Zucchinni Pizzas &amp; Esfihas | Pizzaria e esfiharia delivery ...",&#13;
    "zucchini | tradução de Inglês para Português",&#13;
    "zucchini - Dicionário Inglês-Português (Brasil ...",&#13;
    "zucchini - Tradução em português - Linguee",&#13;
    "Zucchini: Health Benefits, Nutrients, Preparation, and More",&#13;
    "5 Tips for Growing Great Zucchini - The Spruce",&#13;
    "Zucchini Restaurante"]&gt;&#13;
to match given predicate but this element did not:&#13;
  &lt;"Zucchinni Pizzas &amp; Esfihas | Pizzaria e esfiharia delivery ..."&gt;</failure><system-err>&#13;
Expecting all elements of:&#13;
  &lt;["Zucchini - Wikipedia",&#13;
    "Receita de Zucchini (abobrinhas) à Italiana, enviada por ...",&#13;
    "ZUCCHINI - Tradução em português - bab.la",&#13;
    "Zucchinni Pizzas &amp; Esfihas | Pizzaria e esfiharia delivery ...",&#13;
    "zucchini | tradução de Inglês para Português",&#13;
    "zucchini - Dicionário Inglês-Português (Brasil ...",&#13;
    "zucchini - Tradução em português - Linguee",&#13;
    "Zucchini: Health Benefits, Nutrients, Preparation, and More",&#13;
    "5 Tips for Growing Great Zucchini - The Spruce",&#13;
    "Zucchini Restaurante"]&gt;&#13;
to match given predicate but this element did not:&#13;
  &lt;"Zucchinni Pizzas &amp; Esfihas | Pizzaria e esfiharia delivery ..."&gt;&#13;
starter.stepdefinitions.SearchOnDuckDuckGoStepDefinitions.all_the_result_titles_should_contain_the_word(SearchOnDuckDuckGoStepDefinitions.java:44)&#13;
✽.all the result titles should contain the word "zucchini"(file:src/test/resources/features/search/search_by_keyword.feature:12)&#13;
</system-err></testcase></testsuite>